
> server@0.0.1 start:dev
> nest start --watch

[2J[3J[H[[90m12:55:43 AM[0m] Starting compilation in watch mode...

[[90m12:55:48 AM[0m] Found 0 errors. Watching for file changes.

[32m[Nest] 64356  - [39m11/28/2024, 12:55:51 AM [32m    LOG[39m [38;5;3m[NestFactory] [39m[32mStarting Nest application...[39m
[32m[Nest] 64356  - [39m11/28/2024, 12:55:51 AM [32m    LOG[39m [38;5;3m[InstanceLoader] [39m[32mJwtModule dependencies initialized[39m[38;5;3m +139ms[39m
[32m[Nest] 64356  - [39m11/28/2024, 12:55:51 AM [32m    LOG[39m [38;5;3m[InstanceLoader] [39m[32mAppModule dependencies initialized[39m[38;5;3m +1ms[39m
[32m[Nest] 64356  - [39m11/28/2024, 12:55:51 AM [32m    LOG[39m [38;5;3m[InstanceLoader] [39m[32mAuthModule dependencies initialized[39m[38;5;3m +1ms[39m
[32m[Nest] 64356  - [39m11/28/2024, 12:55:51 AM [32m    LOG[39m [38;5;3m[InstanceLoader] [39m[32mUsersModule dependencies initialized[39m[38;5;3m +0ms[39m
[32m[Nest] 64356  - [39m11/28/2024, 12:55:51 AM [32m    LOG[39m [38;5;3m[InstanceLoader] [39m[32mRolesModule dependencies initialized[39m[38;5;3m +0ms[39m
[32m[Nest] 64356  - [39m11/28/2024, 12:55:51 AM [32m    LOG[39m [38;5;3m[RoutesResolver] [39m[32mAppController {/}:[39m[38;5;3m +100ms[39m
[32m[Nest] 64356  - [39m11/28/2024, 12:55:51 AM [32m    LOG[39m [38;5;3m[RouterExplorer] [39m[32mMapped {/, GET} route[39m[38;5;3m +3ms[39m
[32m[Nest] 64356  - [39m11/28/2024, 12:55:51 AM [32m    LOG[39m [38;5;3m[RoutesResolver] [39m[32mAuthController {/auth}:[39m[38;5;3m +0ms[39m
[32m[Nest] 64356  - [39m11/28/2024, 12:55:51 AM [32m    LOG[39m [38;5;3m[RouterExplorer] [39m[32mMapped {/auth/login, POST} route[39m[38;5;3m +1ms[39m
[32m[Nest] 64356  - [39m11/28/2024, 12:55:51 AM [32m    LOG[39m [38;5;3m[RoutesResolver] [39m[32mUsersController {/users}:[39m[38;5;3m +0ms[39m
[32m[Nest] 64356  - [39m11/28/2024, 12:55:51 AM [32m    LOG[39m [38;5;3m[RouterExplorer] [39m[32mMapped {/users, POST} route[39m[38;5;3m +1ms[39m
[32m[Nest] 64356  - [39m11/28/2024, 12:55:51 AM [32m    LOG[39m [38;5;3m[RouterExplorer] [39m[32mMapped {/users/:userId, PATCH} route[39m[38;5;3m +0ms[39m
[32m[Nest] 64356  - [39m11/28/2024, 12:55:51 AM [32m    LOG[39m [38;5;3m[RouterExplorer] [39m[32mMapped {/users/:userId, DELETE} route[39m[38;5;3m +1ms[39m
[32m[Nest] 64356  - [39m11/28/2024, 12:55:51 AM [32m    LOG[39m [38;5;3m[RouterExplorer] [39m[32mMapped {/users, GET} route[39m[38;5;3m +0ms[39m
[32m[Nest] 64356  - [39m11/28/2024, 12:55:51 AM [32m    LOG[39m [38;5;3m[RoutesResolver] [39m[32mRolesController {/roles}:[39m[38;5;3m +0ms[39m
[32m[Nest] 64356  - [39m11/28/2024, 12:55:51 AM [32m    LOG[39m [38;5;3m[RouterExplorer] [39m[32mMapped {/roles, GET} route[39m[38;5;3m +0ms[39m
[32m[Nest] 64356  - [39m11/28/2024, 12:55:51 AM [32m    LOG[39m [38;5;3m[NestApplication] [39m[32mNest application successfully started[39m[38;5;3m +301ms[39m
